TN:
SF:calculateBMI.js
FN:5,calculateBMI
FNF:1
FNH:1
FNDA:2,calculateBMI
DA:6,2
DA:7,2
DA:8,2
DA:9,2
DA:10,2
DA:13,1
LF:6
LH:6
BRF:0
BRH:0
end_of_record
TN:
SF:findCategory.js
FN:5,findCategory
FNF:1
FNH:1
FNDA:10,findCategory
DA:7,10
DA:8,1
DA:10,9
DA:11,3
DA:13,6
DA:14,3
DA:16,3
DA:17,1
DA:19,2
DA:22,1
LF:10
LH:10
BRDA:7,0,0,1
BRDA:7,0,1,9
BRDA:10,1,0,3
BRDA:10,1,1,6
BRDA:10,2,0,9
BRDA:10,2,1,7
BRDA:13,3,0,3
BRDA:13,3,1,3
BRDA:13,4,0,6
BRDA:13,4,1,4
BRDA:16,5,0,1
BRDA:16,5,1,2
BRF:12
BRH:12
end_of_record
